<?xml version="1.0" encoding="UTF-8" ?>
<testsuite tests="6" failures="0" name="PatientManagementSystem.SerializeTest" time="0.036" errors="0" skipped="0">
  <properties>
[...]
</properties>
  <testcase classname="PatientManagementSystem.SerializeTest" name="PatientManagementSystem.SerializeTest.testWriting" time="0.036"/>
  <testcase classname="PatientManagementSystem.SerializeTest" name="PatientManagementSystem.SerializeTest.testSetName" time="0"/>
  <testcase classname="PatientManagementSystem.SerializeTest" name="PatientManagementSystem.SerializeTest.testWriteObject" time="0"/>
  <testcase classname="PatientManagementSystem.SerializeTest" name="PatientManagementSystem.SerializeTest.testGetName" time="0"/>
  <testcase classname="PatientManagementSystem.SerializeTest" name="PatientManagementSystem.SerializeTest.testReadObject" time="0"/>
  <testcase classname="PatientManagementSystem.SerializeTest" name="PatientManagementSystem.SerializeTest.testGetInstance" time="0"/>
</testsuite>